#
# A fatal error has been detected by the Java Runtime Environment:
#
#  EXCEPTION_UNCAUGHT_CXX_EXCEPTION (0xe06d7363) at pc=0x00007ffbba709129, pid=1824, tid=9428
#
# JRE version: OpenJDK Runtime Environment (11.0.2+9) (build 11.0.2+9-b159.44)
# Java VM: OpenJDK 64-Bit Server VM (11.0.2+9-b159.44, mixed mode, sharing, tiered, compressed oops, g1 gc, windows-amd64)
# Problematic frame:
# C  [KERNELBASE.dll+0x39129]
#
# No core dump will be written. Minidumps are not enabled by default on client versions of Windows
#
# If you would like to submit a bug report, please visit:
#   http://bugreport.java.com/bugreport/crash.jsp
#

---------------  S U M M A R Y ------------

Command Line: -javaagent:D:\IJ\IntelliJ IDEA 2019.1.1\lib\idea_rt.jar=52547:D:\IJ\IntelliJ IDEA 2019.1.1\bin -Dfile.encoding=UTF-8 Day_01.Mystart

Host: Intel(R) Core(TM) i5-6300HQ CPU @ 2.30GHz, 4 cores, 7G,  Windows 10 , 64 bit Build 17763 (10.0.17763.437)
Time: Mon Apr 22 10:33:58 2019 ?D1ú±ê×?ê±?? elapsed time: 0 seconds (0d 0h 0m 0s)

---------------  T H R E A D  ---------------

Current thread (0x0000022d824fd000):  JavaThread "main" [_thread_in_vm, id=9428, stack(0x000000ad2dd00000,0x000000ad2de00000)]

Stack: [0x000000ad2dd00000,0x000000ad2de00000],  sp=0x000000ad2ddfe950,  free space=1018k
Native frames: (J=compiled Java code, j=interpreted, Vv=VM code, C=native code)
C  [KERNELBASE.dll+0x39129]
C  [vcruntime140.dll+0x4462]
C  [jimage.dll+0x388f]

Java frames: (J=compiled Java code, j=interpreted, Vv=VM code)
j  java.lang.module.Configuration.resolveAndBind(Ljava/lang/module/ModuleFinder;Ljava/util/Collection;Ljava/io/PrintStream;)Ljava/lang/module/Configuration;+7 java.base@11.0.2
j  java.lang.module.ModuleDescriptor$1.resolveAndBind(Ljava/lang/module/ModuleFinder;Ljava/util/Collection;Ljava/io/PrintStream;)Ljava/lang/module/Configuration;+3 java.base@11.0.2
j  jdk.internal.module.ModuleBootstrap.boot()Ljava/lang/ModuleLayer;+807 java.base@11.0.2
j  java.lang.System.initPhase2(ZZ)I+0 java.base@11.0.2
v  ~StubRoutines::call_stub

siginfo: EXCEPTION_UNCAUGHT_CXX_EXCEPTION (0xe06d7363), ExceptionInformation=0x0000000019930520 0x000000ad2ddfead0 0x00007ffbb6b850a0 0x00007ffbb6b80000 


Register to memory mapping:

RIP=0x00007ffbba709129 KERNELBASE.dll
RAX=0x000000ad2ddfe2b9 is pointing into the stack for thread: 0x0000022d824fd000
RBX=0x0000000000004732 is an unknown value
RCX=0x0000022d9c187e60 points into unknown readable memory: 90 be 18 9c 2d 02 00 00
RDX=0x00007ffb9b865cb0 is an unknown value
RSP=0x000000ad2ddfe950 is pointing into the stack for thread: 0x0000022d824fd000
RBP=0x000000ad2ddfea90 is pointing into the stack for thread: 0x0000022d824fd000
RSI=0x00007ffbb6b850a0 jimage.dll
RDI=0x0000022d84c29110 points into unknown readable memory: fa fa fe ca 5e 1e 00 00
R8 =0x000000089b89ae60 is an unknown value
R9 ={method} {0x0000000800193da8} '<clinit>' '()V' in 'java/util/stream/FindOps$FindSink$OfRef'
R10=0x0000000000000020 is an unknown value
R11=0x0 is NULL
R12=0x0000000000004732 is an unknown value
R13=0x0000022d82506de0 points into unknown readable memory: a0 b9 0a 8e fb 7f 00 00
R14=0x000000ad2ddfead0 is pointing into the stack for thread: 0x0000022d824fd000
R15=0x0000022d9c123880 points into unknown readable memory: d0 4b 82 89 00 00 00 00


Registers:
RAX=0x000000ad2ddfe2b9, RBX=0x0000000000004732, RCX=0x0000022d9c187e60, RDX=0x00007ffb9b865cb0
RSP=0x000000ad2ddfe950, RBP=0x000000ad2ddfea90, RSI=0x00007ffbb6b850a0, RDI=0x0000022d84c29110
R8 =0x000000089b89ae60, R9 =0x0000000800193da0, R10=0x0000000000000020, R11=0x0000000000000000
R12=0x0000000000004732, R13=0x0000022d82506de0, R14=0x000000ad2ddfead0, R15=0x0000022d9c123880
RIP=0x00007ffbba709129, EFLAGS=0x0000000000000202

Top of Stack: (sp=0x000000ad2ddfe950)
0x000000ad2ddfe950:   0000022d824fd000 0000000000004732
0x000000ad2ddfe960:   00007ffbb6b850a0 0000022d84c29110
0x000000ad2ddfe970:   00000001e06d7363 0000000000000000
0x000000ad2ddfe980:   00007ffbba709129 000000ad00000004
0x000000ad2ddfe990:   0000000019930520 000000ad2ddfead0
0x000000ad2ddfe9a0:   00007ffbb6b850a0 00007ffbb6b80000
0x000000ad2ddfe9b0:   0000022d82506de0 0000000000004732
0x000000ad2ddfe9c0:   0000022d84c29110 00007ffbb6b850a0
0x000000ad2ddfe9d0:   000000ad2ddfea90 00007ffbbe2448cf
0x000000ad2ddfe9e0:   000000ad2ddfeab0 000000ad00000000
0x000000ad2ddfe9f0:   0000000000004732 0000000000004740
0x000000ad2ddfea00:   00007ffbb6b87000 00007ffbb6b80000
0x000000ad2ddfea10:   000066e5afaf21d8 00007ffbbe229880
0x000000ad2ddfea20:   0000000000004732 00007ffbb6b94462
0x000000ad2ddfea30:   0000000000000000 00007ffbbe229880
0x000000ad2ddfea40:   0000022d824fd000 00007ffbbe229880 

Instructions: (pc=0x00007ffbba709129)
0x00007ffbba709109:   8b d1 44 0f 47 c0 44 89 44 24 38 49 c1 e0 03 e8
0x00007ffbba709119:   5a 17 05 00 48 8d 4c 24 20 48 ff 15 df 21 16 00
0x00007ffbba709129:   0f 1f 44 00 00 48 8b 8c 24 c0 00 00 00 48 33 cc
0x00007ffbba709139:   e8 62 e2 04 00 48 81 c4 d8 00 00 00 c3 83 64 24 


Stack slot to memory mapping:
stack at sp + 0 slots: 0x0000022d824fd000 is a thread
stack at sp + 1 slots: 0x0000000000004732 is an unknown value
stack at sp + 2 slots: 0x00007ffbb6b850a0 jimage.dll
stack at sp + 3 slots: 0x0000022d84c29110 points into unknown readable memory: fa fa fe ca 5e 1e 00 00
stack at sp + 4 slots: 0x00000001e06d7363 is an unknown value
stack at sp + 5 slots: 0x0 is NULL
stack at sp + 6 slots: 0x00007ffbba709129 KERNELBASE.dll
stack at sp + 7 slots: 0x000000ad00000004 is an unknown value


---------------  P R O C E S S  ---------------

Threads class SMR info:
_java_thread_list=0x0000022d9c1605a0, length=9, elements={
0x0000022d824fd000, 0x0000022d9b7db800, 0x0000022d9b7dd000, 0x0000022d9b7fa800,
0x0000022d9b7fc000, 0x0000022d9b7ff000, 0x0000022d9c0c8800, 0x0000022d9c0e5800,
0x0000022d9b7be000
}

Java Threads: ( => current thread )
=>0x0000022d824fd000 JavaThread "main" [_thread_in_vm, id=9428, stack(0x000000ad2dd00000,0x000000ad2de00000)]
  0x0000022d9b7db800 JavaThread "Reference Handler" daemon [_thread_blocked, id=11800, stack(0x000000ad2e400000,0x000000ad2e500000)]
  0x0000022d9b7dd000 JavaThread "Finalizer" daemon [_thread_blocked, id=12692, stack(0x000000ad2e500000,0x000000ad2e600000)]
  0x0000022d9b7fa800 JavaThread "Signal Dispatcher" daemon [_thread_blocked, id=10964, stack(0x000000ad2e600000,0x000000ad2e700000)]
  0x0000022d9b7fc000 JavaThread "Attach Listener" daemon [_thread_blocked, id=4032, stack(0x000000ad2e700000,0x000000ad2e800000)]
  0x0000022d9b7ff000 JavaThread "C2 CompilerThread0" daemon [_thread_blocked, id=13008, stack(0x000000ad2e800000,0x000000ad2e900000)]
  0x0000022d9c0c8800 JavaThread "C1 CompilerThread0" daemon [_thread_blocked, id=6420, stack(0x000000ad2e900000,0x000000ad2ea00000)]
  0x0000022d9c0e5800 JavaThread "Sweeper thread" daemon [_thread_blocked, id=5024, stack(0x000000ad2ea00000,0x000000ad2eb00000)]
  0x0000022d9b7be000 JavaThread "Common-Cleaner" daemon [_thread_blocked, id=1996, stack(0x000000ad2eb00000,0x000000ad2ec00000)]

Other Threads:
  0x0000022d9b7d6800 VMThread "VM Thread" [stack: 0x000000ad2e300000,0x000000ad2e400000] [id=11220]
  0x0000022d82514000 GCTaskThread "GC Thread#0" [stack: 0x000000ad2de00000,0x000000ad2df00000] [id=6248]
  0x0000022d8052c800 ConcurrentGCThread "G1 Main Marker" [stack: 0x000000ad2df00000,0x000000ad2e000000] [id=9512]
  0x0000022d82541000 ConcurrentGCThread "G1 Conc#0" [stack: 0x000000ad2e000000,0x000000ad2e100000] [id=8636]
  0x0000022d9b670800 ConcurrentGCThread "G1 Refine#0" [stack: 0x000000ad2e100000,0x000000ad2e200000] [id=3244]
  0x0000022d9b671800 ConcurrentGCThread "G1 Young RemSet Sampling" [stack: 0x000000ad2e200000,0x000000ad2e300000] [id=11952]

Threads with active compile tasks:

VM state:not at safepoint (normal execution)

VM Mutex/Monitor currently owned by a thread: None

Heap address: 0x0000000081a00000, size: 2022 MB, Compressed Oops mode: 32-bit
Narrow klass base: 0x0000000800000000, Narrow klass shift: 3
Compressed class space size: 1073741824 Address: 0x0000000840000000

Heap:
 garbage-first heap   total 131072K, used 1024K [0x0000000081a00000, 0x0000000100000000)
  region size 1024K, 2 young (2048K), 0 survivors (0K)
 Metaspace       used 275K, capacity 4515K, committed 4864K, reserved 1056768K
  class space    used 25K, capacity 398K, committed 512K, reserved 1048576K
Heap Regions: E=young(eden), S=young(survivor), O=old, HS=humongous(starts), HC=humongous(continues), CS=collection set, F=free, A=archive, TAMS=top-at-mark-start (previous, next)
|   0|0x0000000081a00000, 0x0000000081a00000, 0x0000000081b00000|  0%| F|  |TAMS 0x0000000081a00000, 0x0000000081a00000| Untracked 
|   1|0x0000000081b00000, 0x0000000081b00000, 0x0000000081c00000|  0%| F|  |TAMS 0x0000000081b00000, 0x0000000081b00000| Untracked 
|   2|0x0000000081c00000, 0x0000000081c00000, 0x0000000081d00000|  0%| F|  |TAMS 0x0000000081c00000, 0x0000000081c00000| Untracked 
|   3|0x0000000081d00000, 0x0000000081d00000, 0x0000000081e00000|  0%| F|  |TAMS 0x0000000081d00000, 0x0000000081d00000| Untracked 
|   4|0x0000000081e00000, 0x0000000081e00000, 0x0000000081f00000|  0%| F|  |TAMS 0x0000000081e00000, 0x0000000081e00000| Untracked 
|   5|0x0000000081f00000, 0x0000000081f00000, 0x0000000082000000|  0%| F|  |TAMS 0x0000000081f00000, 0x0000000081f00000| Untracked 
|   6|0x0000000082000000, 0x0000000082000000, 0x0000000082100000|  0%| F|  |TAMS 0x0000000082000000, 0x0000000082000000| Untracked 
|   7|0x0000000082100000, 0x0000000082100000, 0x0000000082200000|  0%| F|  |TAMS 0x0000000082100000, 0x0000000082100000| Untracked 
|   8|0x0000000082200000, 0x0000000082200000, 0x0000000082300000|  0%| F|  |TAMS 0x0000000082200000, 0x0000000082200000| Untracked 
|   9|0x0000000082300000, 0x0000000082300000, 0x0000000082400000|  0%| F|  |TAMS 0x0000000082300000, 0x0000000082300000| Untracked 
|  10|0x0000000082400000, 0x0000000082400000, 0x0000000082500000|  0%| F|  |TAMS 0x0000000082400000, 0x0000000082400000| Untracked 
|  11|0x0000000082500000, 0x0000000082500000, 0x0000000082600000|  0%| F|  |TAMS 0x0000000082500000, 0x0000000082500000| Untracked 
|  12|0x0000000082600000, 0x0000000082600000, 0x0000000082700000|  0%| F|  |TAMS 0x0000000082600000, 0x0000000082600000| Untracked 
|  13|0x0000000082700000, 0x0000000082700000, 0x0000000082800000|  0%| F|  |TAMS 0x0000000082700000, 0x0000000082700000| Untracked 
|  14|0x0000000082800000, 0x0000000082800000, 0x0000000082900000|  0%| F|  |TAMS 0x0000000082800000, 0x0000000082800000| Untracked 
|  15|0x0000000082900000, 0x0000000082900000, 0x0000000082a00000|  0%| F|  |TAMS 0x0000000082900000, 0x0000000082900000| Untracked 
|  16|0x0000000082a00000, 0x0000000082a00000, 0x0000000082b00000|  0%| F|  |TAMS 0x0000000082a00000, 0x0000000082a00000| Untracked 
|  17|0x0000000082b00000, 0x0000000082b00000, 0x0000000082c00000|  0%| F|  |TAMS 0x0000000082b00000, 0x0000000082b00000| Untracked 
|  18|0x0000000082c00000, 0x0000000082c00000, 0x0000000082d00000|  0%| F|  |TAMS 0x0000000082c00000, 0x0000000082c00000| Untracked 
|  19|0x0000000082d00000, 0x0000000082d00000, 0x0000000082e00000|  0%| F|  |TAMS 0x0000000082d00000, 0x0000000082d00000| Untracked 
|  20|0x0000000082e00000, 0x0000000082e00000, 0x0000000082f00000|  0%| F|  |TAMS 0x0000000082e00000, 0x0000000082e00000| Untracked 
|  21|0x0000000082f00000, 0x0000000082f00000, 0x0000000083000000|  0%| F|  |TAMS 0x0000000082f00000, 0x0000000082f00000| Untracked 
|  22|0x0000000083000000, 0x0000000083000000, 0x0000000083100000|  0%| F|  |TAMS 0x0000000083000000, 0x0000000083000000| Untracked 
|  23|0x0000000083100000, 0x0000000083100000, 0x0000000083200000|  0%| F|  |TAMS 0x0000000083100000, 0x0000000083100000| Untracked 
|  24|0x0000000083200000, 0x0000000083200000, 0x0000000083300000|  0%| F|  |TAMS 0x0000000083200000, 0x0000000083200000| Untracked 
|  25|0x0000000083300000, 0x0000000083300000, 0x0000000083400000|  0%| F|  |TAMS 0x0000000083300000, 0x0000000083300000| Untracked 
|  26|0x0000000083400000, 0x0000000083400000, 0x0000000083500000|  0%| F|  |TAMS 0x0000000083400000, 0x0000000083400000| Untracked 
|  27|0x0000000083500000, 0x0000000083500000, 0x0000000083600000|  0%| F|  |TAMS 0x0000000083500000, 0x0000000083500000| Untracked 
|  28|0x0000000083600000, 0x0000000083600000, 0x0000000083700000|  0%| F|  |TAMS 0x0000000083600000, 0x0000000083600000| Untracked 
|  29|0x0000000083700000, 0x0000000083700000, 0x0000000083800000|  0%| F|  |TAMS 0x0000000083700000, 0x0000000083700000| Untracked 
|  30|0x0000000083800000, 0x0000000083800000, 0x0000000083900000|  0%| F|  |TAMS 0x0000000083800000, 0x0000000083800000| Untracked 
|  31|0x0000000083900000, 0x0000000083900000, 0x0000000083a00000|  0%| F|  |TAMS 0x0000000083900000, 0x0000000083900000| Untracked 
|  32|0x0000000083a00000, 0x0000000083a00000, 0x0000000083b00000|  0%| F|  |TAMS 0x0000000083a00000, 0x0000000083a00000| Untracked 
|  33|0x0000000083b00000, 0x0000000083b00000, 0x0000000083c00000|  0%| F|  |TAMS 0x0000000083b00000, 0x0000000083b00000| Untracked 
|  34|0x0000000083c00000, 0x0000000083c00000, 0x0000000083d00000|  0%| F|  |TAMS 0x0000000083c00000, 0x0000000083c00000| Untracked 
|  35|0x0000000083d00000, 0x0000000083d00000, 0x0000000083e00000|  0%| F|  |TAMS 0x0000000083d00000, 0x0000000083d00000| Untracked 
|  36|0x0000000083e00000, 0x0000000083e00000, 0x0000000083f00000|  0%| F|  |TAMS 0x0000000083e00000, 0x0000000083e00000| Untracked 
|  37|0x0000000083f00000, 0x0000000083f00000, 0x0000000084000000|  0%| F|  |TAMS 0x0000000083f00000, 0x0000000083f00000| Untracked 
|  38|0x0000000084000000, 0x0000000084000000, 0x0000000084100000|  0%| F|  |TAMS 0x0000000084000000, 0x0000000084000000| Untracked 
|  39|0x0000000084100000, 0x0000000084100000, 0x0000000084200000|  0%| F|  |TAMS 0x0000000084100000, 0x0000000084100000| Untracked 
|  40|0x0000000084200000, 0x0000000084200000, 0x0000000084300000|  0%| F|  |TAMS 0x0000000084200000, 0x0000000084200000| Untracked 
|  41|0x0000000084300000, 0x0000000084300000, 0x0000000084400000|  0%| F|  |TAMS 0x0000000084300000, 0x0000000084300000| Untracked 
|  42|0x0000000084400000, 0x0000000084400000, 0x0000000084500000|  0%| F|  |TAMS 0x0000000084400000, 0x0000000084400000| Untracked 
|  43|0x0000000084500000, 0x0000000084500000, 0x0000000084600000|  0%| F|  |TAMS 0x0000000084500000, 0x0000000084500000| Untracked 
|  44|0x0000000084600000, 0x0000000084600000, 0x0000000084700000|  0%| F|  |TAMS 0x0000000084600000, 0x0000000084600000| Untracked 
|  45|0x0000000084700000, 0x0000000084700000, 0x0000000084800000|  0%| F|  |TAMS 0x0000000084700000, 0x0000000084700000| Untracked 
|  46|0x0000000084800000, 0x0000000084800000, 0x0000000084900000|  0%| F|  |TAMS 0x0000000084800000, 0x0000000084800000| Untracked 
|  47|0x0000000084900000, 0x0000000084900000, 0x0000000084a00000|  0%| F|  |TAMS 0x0000000084900000, 0x0000000084900000| Untracked 
|  48|0x0000000084a00000, 0x0000000084a00000, 0x0000000084b00000|  0%| F|  |TAMS 0x0000000084a00000, 0x0000000084a00000| Untracked 
|  49|0x0000000084b00000, 0x0000000084b00000, 0x0000000084c00000|  0%| F|  |TAMS 0x0000000084b00000, 0x0000000084b00000| Untracked 
|  50|0x0000000084c00000, 0x0000000084c00000, 0x0000000084d00000|  0%| F|  |TAMS 0x0000000084c00000, 0x0000000084c00000| Untracked 
|  51|0x0000000084d00000, 0x0000000084d00000, 0x0000000084e00000|  0%| F|  |TAMS 0x0000000084d00000, 0x0000000084d00000| Untracked 
|  52|0x0000000084e00000, 0x0000000084e00000, 0x0000000084f00000|  0%| F|  |TAMS 0x0000000084e00000, 0x0000000084e00000| Untracked 
|  53|0x0000000084f00000, 0x0000000084f00000, 0x0000000085000000|  0%| F|  |TAMS 0x0000000084f00000, 0x0000000084f00000| Untracked 
|  54|0x0000000085000000, 0x0000000085000000, 0x0000000085100000|  0%| F|  |TAMS 0x0000000085000000, 0x0000000085000000| Untracked 
|  55|0x0000000085100000, 0x0000000085100000, 0x0000000085200000|  0%| F|  |TAMS 0x0000000085100000, 0x0000000085100000| Untracked 
|  56|0x0000000085200000, 0x0000000085200000, 0x0000000085300000|  0%| F|  |TAMS 0x0000000085200000, 0x0000000085200000| Untracked 
|  57|0x0000000085300000, 0x0000000085300000, 0x0000000085400000|  0%| F|  |TAMS 0x0000000085300000, 0x0000000085300000| Untracked 
|  58|0x0000000085400000, 0x0000000085400000, 0x0000000085500000|  0%| F|  |TAMS 0x0000000085400000, 0x0000000085400000| Untracked 
|  59|0x0000000085500000, 0x0000000085500000, 0x0000000085600000|  0%| F|  |TAMS 0x0000000085500000, 0x0000000085500000| Untracked 
|  60|0x0000000085600000, 0x0000000085600000, 0x0000000085700000|  0%| F|  |TAMS 0x0000000085600000, 0x0000000085600000| Untracked 
|  61|0x0000000085700000, 0x0000000085700000, 0x0000000085800000|  0%| F|  |TAMS 0x0000000085700000, 0x0000000085700000| Untracked 
|  62|0x0000000085800000, 0x0000000085800000, 0x0000000085900000|  0%| F|  |TAMS 0x0000000085800000, 0x0000000085800000| Untracked 
|  63|0x0000000085900000, 0x0000000085900000, 0x0000000085a00000|  0%| F|  |TAMS 0x0000000085900000, 0x0000000085900000| Untracked 
|  64|0x0000000085a00000, 0x0000000085a00000, 0x0000000085b00000|  0%| F|  |TAMS 0x0000000085a00000, 0x0000000085a00000| Untracked 
|  65|0x0000000085b00000, 0x0000000085b00000, 0x0000000085c00000|  0%| F|  |TAMS 0x0000000085b00000, 0x0000000085b00000| Untracked 
|  66|0x0000000085c00000, 0x0000000085c00000, 0x0000000085d00000|  0%| F|  |TAMS 0x0000000085c00000, 0x0000000085c00000| Untracked 
|  67|0x0000000085d00000, 0x0000000085d00000, 0x0000000085e00000|  0%| F|  |TAMS 0x0000000085d00000, 0x0000000085d00000| Untracked 
|  68|0x0000000085e00000, 0x0000000085e00000, 0x0000000085f00000|  0%| F|  |TAMS 0x0000000085e00000, 0x0000000085e00000| Untracked 
|  69|0x0000000085f00000, 0x0000000085f00000, 0x0000000086000000|  0%| F|  |TAMS 0x0000000085f00000, 0x0000000085f00000| Untracked 
|  70|0x0000000086000000, 0x0000000086000000, 0x0000000086100000|  0%| F|  |TAMS 0x0000000086000000, 0x0000000086000000| Untracked 
|  71|0x0000000086100000, 0x0000000086100000, 0x0000000086200000|  0%| F|  |TAMS 0x0000000086100000, 0x0000000086100000| Untracked 
|  72|0x0000000086200000, 0x0000000086200000, 0x0000000086300000|  0%| F|  |TAMS 0x0000000086200000, 0x0000000086200000| Untracked 
|  73|0x0000000086300000, 0x0000000086300000, 0x0000000086400000|  0%| F|  |TAMS 0x0000000086300000, 0x0000000086300000| Untracked 
|  74|0x0000000086400000, 0x0000000086400000, 0x0000000086500000|  0%| F|  |TAMS 0x0000000086400000, 0x0000000086400000| Untracked 
|  75|0x0000000086500000, 0x0000000086500000, 0x0000000086600000|  0%| F|  |TAMS 0x0000000086500000, 0x0000000086500000| Untracked 
|  76|0x0000000086600000, 0x0000000086600000, 0x0000000086700000|  0%| F|  |TAMS 0x0000000086600000, 0x0000000086600000| Untracked 
|  77|0x0000000086700000, 0x0000000086700000, 0x0000000086800000|  0%| F|  |TAMS 0x0000000086700000, 0x0000000086700000| Untracked 
|  78|0x0000000086800000, 0x0000000086800000, 0x0000000086900000|  0%| F|  |TAMS 0x0000000086800000, 0x0000000086800000| Untracked 
|  79|0x0000000086900000, 0x0000000086900000, 0x0000000086a00000|  0%| F|  |TAMS 0x0000000086900000, 0x0000000086900000| Untracked 
|  80|0x0000000086a00000, 0x0000000086a00000, 0x0000000086b00000|  0%| F|  |TAMS 0x0000000086a00000, 0x0000000086a00000| Untracked 
|  81|0x0000000086b00000, 0x0000000086b00000, 0x0000000086c00000|  0%| F|  |TAMS 0x0000000086b00000, 0x0000000086b00000| Untracked 
|  82|0x0000000086c00000, 0x0000000086c00000, 0x0000000086d00000|  0%| F|  |TAMS 0x0000000086c00000, 0x0000000086c00000| Untracked 
|  83|0x0000000086d00000, 0x0000000086d00000, 0x0000000086e00000|  0%| F|  |TAMS 0x0000000086d00000, 0x0000000086d00000| Untracked 
|  84|0x0000000086e00000, 0x0000000086e00000, 0x0000000086f00000|  0%| F|  |TAMS 0x0000000086e00000, 0x0000000086e00000| Untracked 
|  85|0x0000000086f00000, 0x0000000086f00000, 0x0000000087000000|  0%| F|  |TAMS 0x0000000086f00000, 0x0000000086f00000| Untracked 
|  86|0x0000000087000000, 0x0000000087000000, 0x0000000087100000|  0%| F|  |TAMS 0x0000000087000000, 0x0000000087000000| Untracked 
|  87|0x0000000087100000, 0x0000000087100000, 0x0000000087200000|  0%| F|  |TAMS 0x0000000087100000, 0x0000000087100000| Untracked 
|  88|0x0000000087200000, 0x0000000087200000, 0x0000000087300000|  0%| F|  |TAMS 0x0000000087200000, 0x0000000087200000| Untracked 
|  89|0x0000000087300000, 0x0000000087300000, 0x0000000087400000|  0%| F|  |TAMS 0x0000000087300000, 0x0000000087300000| Untracked 
|  90|0x0000000087400000, 0x0000000087400000, 0x0000000087500000|  0%| F|  |TAMS 0x0000000087400000, 0x0000000087400000| Untracked 
|  91|0x0000000087500000, 0x0000000087500000, 0x0000000087600000|  0%| F|  |TAMS 0x0000000087500000, 0x0000000087500000| Untracked 
|  92|0x0000000087600000, 0x0000000087600000, 0x0000000087700000|  0%| F|  |TAMS 0x0000000087600000, 0x0000000087600000| Untracked 
|  93|0x0000000087700000, 0x0000000087700000, 0x0000000087800000|  0%| F|  |TAMS 0x0000000087700000, 0x0000000087700000| Untracked 
|  94|0x0000000087800000, 0x0000000087800000, 0x0000000087900000|  0%| F|  |TAMS 0x0000000087800000, 0x0000000087800000| Untracked 
|  95|0x0000000087900000, 0x0000000087900000, 0x0000000087a00000|  0%| F|  |TAMS 0x0000000087900000, 0x0000000087900000| Untracked 
|  96|0x0000000087a00000, 0x0000000087a00000, 0x0000000087b00000|  0%| F|  |TAMS 0x0000000087a00000, 0x0000000087a00000| Untracked 
|  97|0x0000000087b00000, 0x0000000087b00000, 0x0000000087c00000|  0%| F|  |TAMS 0x0000000087b00000, 0x0000000087b00000| Untracked 
|  98|0x0000000087c00000, 0x0000000087c00000, 0x0000000087d00000|  0%| F|  |TAMS 0x0000000087c00000, 0x0000000087c00000| Untracked 
|  99|0x0000000087d00000, 0x0000000087d00000, 0x0000000087e00000|  0%| F|  |TAMS 0x0000000087d00000, 0x0000000087d00000| Untracked 
| 100|0x0000000087e00000, 0x0000000087e00000, 0x0000000087f00000|  0%| F|  |TAMS 0x0000000087e00000, 0x0000000087e00000| Untracked 
| 101|0x0000000087f00000, 0x0000000087f00000, 0x0000000088000000|  0%| F|  |TAMS 0x0000000087f00000, 0x0000000087f00000| Untracked 
| 102|0x0000000088000000, 0x0000000088000000, 0x0000000088100000|  0%| F|  |TAMS 0x0000000088000000, 0x0000000088000000| Untracked 
| 103|0x0000000088100000, 0x0000000088100000, 0x0000000088200000|  0%| F|  |TAMS 0x0000000088100000, 0x0000000088100000| Untracked 
| 104|0x0000000088200000, 0x0000000088200000, 0x0000000088300000|  0%| F|  |TAMS 0x0000000088200000, 0x0000000088200000| Untracked 
| 105|0x0000000088300000, 0x0000000088300000, 0x0000000088400000|  0%| F|  |TAMS 0x0000000088300000, 0x0000000088300000| Untracked 
| 106|0x0000000088400000, 0x0000000088400000, 0x0000000088500000|  0%| F|  |TAMS 0x0000000088400000, 0x0000000088400000| Untracked 
| 107|0x0000000088500000, 0x0000000088500000, 0x0000000088600000|  0%| F|  |TAMS 0x0000000088500000, 0x0000000088500000| Untracked 
| 108|0x0000000088600000, 0x0000000088600000, 0x0000000088700000|  0%| F|  |TAMS 0x0000000088600000, 0x0000000088600000| Untracked 
| 109|0x0000000088700000, 0x0000000088700000, 0x0000000088800000|  0%| F|  |TAMS 0x0000000088700000, 0x0000000088700000| Untracked 
| 110|0x0000000088800000, 0x0000000088800000, 0x0000000088900000|  0%| F|  |TAMS 0x0000000088800000, 0x0000000088800000| Untracked 
| 111|0x0000000088900000, 0x0000000088900000, 0x0000000088a00000|  0%| F|  |TAMS 0x0000000088900000, 0x0000000088900000| Untracked 
| 112|0x0000000088a00000, 0x0000000088a00000, 0x0000000088b00000|  0%| F|  |TAMS 0x0000000088a00000, 0x0000000088a00000| Untracked 
| 113|0x0000000088b00000, 0x0000000088b00000, 0x0000000088c00000|  0%| F|  |TAMS 0x0000000088b00000, 0x0000000088b00000| Untracked 
| 114|0x0000000088c00000, 0x0000000088c00000, 0x0000000088d00000|  0%| F|  |TAMS 0x0000000088c00000, 0x0000000088c00000| Untracked 
| 115|0x0000000088d00000, 0x0000000088d00000, 0x0000000088e00000|  0%| F|  |TAMS 0x0000000088d00000, 0x0000000088d00000| Untracked 
| 116|0x0000000088e00000, 0x0000000088e00000, 0x0000000088f00000|  0%| F|  |TAMS 0x0000000088e00000, 0x0000000088e00000| Untracked 
| 117|0x0000000088f00000, 0x0000000088f00000, 0x0000000089000000|  0%| F|  |TAMS 0x0000000088f00000, 0x0000000088f00000| Untracked 
| 118|0x0000000089000000, 0x0000000089000000, 0x0000000089100000|  0%| F|  |TAMS 0x0000000089000000, 0x0000000089000000| Untracked 
| 119|0x0000000089100000, 0x0000000089100000, 0x0000000089200000|  0%| F|  |TAMS 0x0000000089100000, 0x0000000089100000| Untracked 
| 120|0x0000000089200000, 0x0000000089200000, 0x0000000089300000|  0%| F|  |TAMS 0x0000000089200000, 0x0000000089200000| Untracked 
| 121|0x0000000089300000, 0x0000000089300000, 0x0000000089400000|  0%| F|  |TAMS 0x0000000089300000, 0x0000000089300000| Untracked 
| 122|0x0000000089400000, 0x0000000089400000, 0x0000000089500000|  0%| F|  |TAMS 0x0000000089400000, 0x0000000089400000| Untracked 
| 123|0x0000000089500000, 0x0000000089500000, 0x0000000089600000|  0%| F|  |TAMS 0x0000000089500000, 0x0000000089500000| Untracked 
| 124|0x0000000089600000, 0x0000000089600000, 0x0000000089700000|  0%| F|  |TAMS 0x0000000089600000, 0x0000000089600000| Untracked 
| 125|0x0000000089700000, 0x0000000089700000, 0x0000000089800000|  0%| F|  |TAMS 0x0000000089700000, 0x0000000089700000| Untracked 
| 126|0x0000000089800000, 0x00000000898483f0, 0x0000000089900000| 28%| E|  |TAMS 0x0000000089800000, 0x0000000089800000| Complete 
| 127|0x0000000089900000, 0x0000000089a00000, 0x0000000089a00000|100%| E|CS|TAMS 0x0000000089900000, 0x0000000089900000| Complete 

Card table byte_map: [0x0000022d94bf0000,0x0000022d94ff0000] _byte_map_base: 0x0000022d947e3000

Marking Bits (Prev, Next): (CMBitMap*) 0x0000022d8052bf38, (CMBitMap*) 0x0000022d8052bf70
 Prev Bits: [0x0000022d953f0000, 0x0000022d97388000)
 Next Bits: [0x0000022d97390000, 0x0000022d99328000)

Polling page: 0x0000022d81cd0000

Metaspace:

Usage:
  Non-class:      4.02 MB capacity,   250.50 KB (  6%) used,     3.77 MB ( 94%) free+waste,     1.38 KB ( <1%) overhead. 
      Class:    398.00 KB capacity,    25.45 KB (  6%) used,   371.62 KB ( 93%) free+waste,   960 bytes ( <1%) overhead. 
       Both:      4.41 MB capacity,   275.95 KB (  6%) used,     4.14 MB ( 94%) free+waste,     2.31 KB ( <1%) overhead. 

Virtual space:
  Non-class space:        8.00 MB reserved,       4.25 MB ( 53%) committed 
      Class space:        1.00 GB reserved,     512.00 KB ( <1%) committed 
             Both:        1.01 GB reserved,       4.75 MB ( <1%) committed 

Chunk freelists:
   Non-Class:  0 bytes
       Class:  0 bytes
        Both:  0 bytes

CodeHeap 'non-profiled nmethods': size=120064Kb used=25Kb max_used=25Kb free=120038Kb
 bounds [0x0000022d8d2b0000, 0x0000022d8d520000, 0x0000022d947f0000]
CodeHeap 'profiled nmethods': size=120000Kb used=97Kb max_used=97Kb free=119902Kb
 bounds [0x0000022d85d80000, 0x0000022d85ff0000, 0x0000022d8d2b0000]
CodeHeap 'non-nmethods': size=5696Kb used=1030Kb max_used=1030Kb free=4665Kb
 bounds [0x0000022d857f0000, 0x0000022d85a60000, 0x0000022d85d80000]
 total_blobs=422 nmethods=84 adapters=203
 compilation: enabled
              stopped_count=0, restarted_count=0
 full_count=0

Compilation events (10 events):
Event: 0.069 Thread 0x0000022d9c0c8800   81       3       java.lang.AbstractStringBuilder::ensureCapacityInternal (39 bytes)
Event: 0.069 Thread 0x0000022d9c0c8800 nmethod 81 0x0000022d85d96c90 code [0x0000022d85d96e80, 0x0000022d85d97380]
Event: 0.069 Thread 0x0000022d9c0c8800   82       3       jdk.internal.org.objectweb.asm.ClassWriter::newUTF8 (70 bytes)
Event: 0.069 Thread 0x0000022d9c0c8800 nmethod 82 0x0000022d85d97510 code [0x0000022d85d97720, 0x0000022d85d97b40]
Event: 0.069 Thread 0x0000022d9c0c8800   79       3       java.lang.invoke.MethodType::checkPtype (19 bytes)
Event: 0.070 Thread 0x0000022d9c0c8800 nmethod 79 0x0000022d85d97d10 code [0x0000022d85d97f00, 0x0000022d85d98320]
Event: 0.071 Thread 0x0000022d9c0c8800   83       1       java.util.stream.FindOps$FindSink::cancellationRequested (5 bytes)
Event: 0.071 Thread 0x0000022d9c0c8800 nmethod 83 0x0000022d8d2b5e10 code [0x0000022d8d2b5fc0, 0x0000022d8d2b60f8]
Event: 0.071 Thread 0x0000022d9c0c8800   84       1       java.util.Spliterators$IteratorSpliterator::characteristics (5 bytes)
Event: 0.071 Thread 0x0000022d9c0c8800 nmethod 84 0x0000022d8d2b6190 code [0x0000022d8d2b6340, 0x0000022d8d2b6478]

GC Heap History (0 events):
No events

Deoptimization events (0 events):
No events

Classes redefined (0 events):
No events

Internal exceptions (0 events):
No events

Events (10 events):
Event: 0.055 loading class java/lang/WeakPairMap
Event: 0.055 loading class java/lang/WeakPairMap done
Event: 0.055 loading class java/lang/WeakPairMap$Pair
Event: 0.056 loading class java/lang/WeakPairMap$Pair done
Event: 0.056 loading class java/lang/WeakPairMap$Pair$Lookup
Event: 0.056 loading class java/lang/WeakPairMap$Pair$Lookup done
Event: 0.062 Thread 0x0000022d9b7be000 Thread added: 0x0000022d9b7be000
Event: 0.066 loading class java/lang/invoke/DirectMethodHandle$Interface
Event: 0.066 loading class java/lang/invoke/DirectMethodHandle$Interface done
Event: 0.071 loading class java/lang/module/Resolver


Dynamic libraries:
0x00007ff74e3c0000 - 0x00007ff74e407000 	D:\IJ\IntelliJ IDEA 2019.1.1\jre64\bin\java.exe
0x00007ffbbe1d0000 - 0x00007ffbbe3bd000 	C:\Windows\SYSTEM32\ntdll.dll
0x00007ffbbc8a0000 - 0x00007ffbbc953000 	C:\Windows\System32\KERNEL32.DLL
0x00007ffbba6d0000 - 0x00007ffbba963000 	C:\Windows\System32\KERNELBASE.dll
0x00007ffbbb420000 - 0x00007ffbbb5b7000 	C:\Windows\System32\USER32.dll
0x00007ffbbb2b0000 - 0x00007ffbbb2d0000 	C:\Windows\System32\win32u.dll
0x00007ffbbca90000 - 0x00007ffbbcab9000 	C:\Windows\System32\GDI32.dll
0x00007ffbba350000 - 0x00007ffbba4ea000 	C:\Windows\System32\gdi32full.dll
0x00007ffbba970000 - 0x00007ffbbaa10000 	C:\Windows\System32\msvcp_win.dll
0x00007ffbbb2d0000 - 0x00007ffbbb3ca000 	C:\Windows\System32\ucrtbase.dll
0x00007ffba8d90000 - 0x00007ffba9009000 	C:\Windows\WinSxS\amd64_microsoft.windows.common-controls_6595b64144ccf1df_6.0.17763.437_none_05b63dca071e5dd6\COMCTL32.dll
0x00007ffbbbea0000 - 0x00007ffbbbf3e000 	C:\Windows\System32\msvcrt.dll
0x00007ffbbc0c0000 - 0x00007ffbbc3ec000 	C:\Windows\System32\combase.dll
0x00007ffbbc720000 - 0x00007ffbbc842000 	C:\Windows\System32\RPCRT4.dll
0x00007ffbbb180000 - 0x00007ffbbb1fe000 	C:\Windows\System32\bcryptPrimitives.dll
0x00007ffbbc850000 - 0x00007ffbbc87e000 	C:\Windows\System32\IMM32.DLL
0x00007ffbb6b90000 - 0x00007ffbb6ba7000 	D:\IJ\IntelliJ IDEA 2019.1.1\jre64\bin\vcruntime140.dll
0x00007ffba4850000 - 0x00007ffba48ed000 	D:\IJ\IntelliJ IDEA 2019.1.1\jre64\bin\msvcp140.dll
0x00007ffb8d8c0000 - 0x00007ffb8e376000 	D:\IJ\IntelliJ IDEA 2019.1.1\jre64\bin\server\jvm.dll
0x00007ffbbbbf0000 - 0x00007ffbbbc93000 	C:\Windows\System32\ADVAPI32.dll
0x00007ffbbbe00000 - 0x00007ffbbbe9e000 	C:\Windows\System32\sechost.dll
0x00007ffbbbfc0000 - 0x00007ffbbbfc8000 	C:\Windows\System32\PSAPI.DLL
0x00007ffbb6bb0000 - 0x00007ffbb6bb9000 	C:\Windows\SYSTEM32\WSOCK32.dll
0x00007ffbbbfd0000 - 0x00007ffbbc03d000 	C:\Windows\System32\WS2_32.dll
0x00007ffbb4f80000 - 0x00007ffbb4fa4000 	C:\Windows\SYSTEM32\WINMM.dll
0x00007ffbb2c40000 - 0x00007ffbb2c4a000 	C:\Windows\SYSTEM32\VERSION.dll
0x00007ffbb4cb0000 - 0x00007ffbb4cdd000 	C:\Windows\SYSTEM32\WINMMBASE.dll
0x00007ffbba2a0000 - 0x00007ffbba2ea000 	C:\Windows\System32\cfgmgr32.dll
0x00007ffbba1f0000 - 0x00007ffbba201000 	C:\Windows\System32\kernel.appcore.dll
0x00007ffbb5490000 - 0x00007ffbb54a1000 	D:\IJ\IntelliJ IDEA 2019.1.1\jre64\bin\verify.dll
0x00007ffbb83b0000 - 0x00007ffbb859d000 	C:\Windows\SYSTEM32\DBGHELP.DLL
0x00007ffba65e0000 - 0x00007ffba660a000 	C:\Windows\SYSTEM32\dbgcore.DLL
0x00007ffbb3460000 - 0x00007ffbb3489000 	D:\IJ\IntelliJ IDEA 2019.1.1\jre64\bin\java.dll
0x00007ffbac190000 - 0x00007ffbac1c4000 	D:\IJ\IntelliJ IDEA 2019.1.1\jre64\bin\instrument.dll
0x00007ffbb4280000 - 0x00007ffbb4297000 	D:\IJ\IntelliJ IDEA 2019.1.1\jre64\bin\zip.dll
0x00007ffbb6b80000 - 0x00007ffbb6b8b000 	D:\IJ\IntelliJ IDEA 2019.1.1\jre64\bin\jimage.dll
0x00007ffbbcac0000 - 0x00007ffbbdfb0000 	C:\Windows\System32\SHELL32.dll
0x00007ffbbbca0000 - 0x00007ffbbbd48000 	C:\Windows\System32\shcore.dll
0x00007ffbbaa10000 - 0x00007ffbbb15a000 	C:\Windows\System32\windows.storage.dll
0x00007ffbba210000 - 0x00007ffbba234000 	C:\Windows\System32\profapi.dll
0x00007ffbba240000 - 0x00007ffbba29d000 	C:\Windows\System32\powrprof.dll
0x00007ffbbc3f0000 - 0x00007ffbbc442000 	C:\Windows\System32\shlwapi.dll
0x00007ffbbb160000 - 0x00007ffbbb177000 	C:\Windows\System32\cryptsp.dll

dbghelp: loaded successfully - version: 4.0.5 - missing functions: none
symbol engine: initialized successfully - sym options: 0x614 - pdb path: .;D:\IJ\IntelliJ IDEA 2019.1.1\jre64\bin;C:\Windows\SYSTEM32;C:\Windows\WinSxS\amd64_microsoft.windows.common-controls_6595b64144ccf1df_6.0.17763.437_none_05b63dca071e5dd6;D:\IJ\IntelliJ IDEA 2019.1.1\jre64\bin\server

VM Arguments:
jvm_args: -javaagent:D:\IJ\IntelliJ IDEA 2019.1.1\lib\idea_rt.jar=52547:D:\IJ\IntelliJ IDEA 2019.1.1\bin -Dfile.encoding=UTF-8 
java_command: Day_01.Mystart
java_class_path (initial): E:\test\AHNU\out\production\AHNU
Launcher Type: SUN_STANDARD

[Global flags]
     intx CICompilerCount                          = 3                                         {product} {ergonomic}
     uint ConcGCThreads                            = 1                                         {product} {ergonomic}
     uint G1ConcRefinementThreads                  = 4                                         {product} {ergonomic}
   size_t G1HeapRegionSize                         = 1048576                                   {product} {ergonomic}
    uintx GCDrainStackTargetSize                   = 64                                        {product} {ergonomic}
   size_t InitialHeapSize                          = 134217728                                 {product} {ergonomic}
   size_t MarkStackSize                            = 4194304                                   {product} {ergonomic}
   size_t MaxHeapSize                              = 2120220672                                {product} {ergonomic}
   size_t MaxNewSize                               = 1271922688                                {product} {ergonomic}
   size_t MinHeapDeltaBytes                        = 1048576                                   {product} {ergonomic}
    uintx NonNMethodCodeHeapSize                   = 5830092                                {pd product} {ergonomic}
    uintx NonProfiledCodeHeapSize                  = 122914074                              {pd product} {ergonomic}
    uintx ProfiledCodeHeapSize                     = 122914074                              {pd product} {ergonomic}
    uintx ReservedCodeCacheSize                    = 251658240                              {pd product} {ergonomic}
     bool SegmentedCodeCache                       = true                                      {product} {ergonomic}
     bool UseCompressedClassPointers               = true                                 {lp64_product} {ergonomic}
     bool UseCompressedOops                        = true                                 {lp64_product} {ergonomic}
     bool UseG1GC                                  = true                                      {product} {ergonomic}
     bool UseLargePagesIndividualAllocation        = false                                  {pd product} {ergonomic}

Logging:
Log output configuration:
 #0: stdout all=warning uptime,level,tags
 #1: stderr all=off uptime,level,tags

Environment Variables:
JAVA_HOME=D:\java\
PATH=C:\Windows\system32;C:\Windows;C:\Windows\System32\Wbem;C:\Windows\System32\WindowsPowerShell\v1.0\;C:\Windows\System32\OpenSSH\;C:\Program Files (x86)\NVIDIA Corporation\PhysX\Common;C:\Program Files\NVIDIA Corporation\NVIDIA NvDLISR;C:\Program Files\dotnet\;C:\Program Files\Microsoft SQL Server\130\Tools\Binn\;D:\vs\共享组件_工具_SDK\Python37_64;D:\vs;共享组件_工具_SDK\Python37_64\Scripts;D:\java\\bin;D:\TOMCAT\apache-tomcat-9.0.19\bin;D:\Mysql\mysql-8.0.15-winx64\bin;D:\Git\Git\cmd;C:\Users\Administrator\AppData\Local\Microsoft\WindowsApps;D:\pycharm\PyCharm Community Edition 2018.3.5\bin;;D:\vs\共享组件_工具_SDK\Python37_64;D:\vs\共享组件_工具_SDK\Python37_64\Scripts;
USERNAME=Administrator
OS=Windows_NT
PROCESSOR_IDENTIFIER=Intel64 Family 6 Model 94 Stepping 3, GenuineIntel



---------------  S Y S T E M  ---------------

OS: Windows 10 , 64 bit Build 17763 (10.0.17763.437)

CPU:total 4 (initial active 4) (4 cores per cpu, 1 threads per core) family 6 model 94 stepping 3, cmov, cx8, fxsr, mmx, sse, sse2, sse3, ssse3, sse4.1, sse4.2, popcnt, avx, avx2, aes, clmul, erms, rtm, 3dnowpref, lzcnt, tsc, tscinvbit, bmi1, bmi2, adx, fma

Memory: 4k page, system-wide physical 8081M (1303M free)
TotalPageFile size 8081M (AvailPageFile size 205M)
current process WorkingSet (physical memory assigned to process): 30M, peak: 30M
current process commit charge ("private bytes"): 197M, peak: 197M

vm_info: OpenJDK 64-Bit Server VM (11.0.2+9-b159.44) for windows-amd64 JRE (11.0.2+9-b159.44), built on Apr 10 2019 20:50:11 by "" with MS VC++ 14.0 (VS2015)

END.
